#
# There is insufficient memory for the Java Runtime Environment to continue.
# Native memory allocation (mmap) failed to map 67108864 bytes for G1 virtual space
# Possible reasons:
#   The system is out of physical RAM or swap space
#   The process is running with CompressedOops enabled, and the Java Heap may be blocking the growth of the native heap
# Possible solutions:
#   Reduce memory load on the system
#   Increase physical memory or swap space
#   Check if swap backing store is full
#   Decrease Java heap size (-Xmx/-Xms)
#   Decrease number of Java threads
#   Decrease Java thread stack sizes (-Xss)
#   Set larger code cache with -XX:ReservedCodeCacheSize=
#   JVM is running with Unscaled Compressed Oops mode in which the Java heap is
#     placed in the first 4GB address space. The Java Heap base address is the
#     maximum limit for the native heap growth. Please use -XX:HeapBaseMinAddress
#     to set the Java Heap base and to place the Java Heap above 4GB virtual address.
# This output file may be truncated or incomplete.
#
#  Out of Memory Error (os_windows.cpp:3536), pid=7732, tid=13892
#
# JRE version:  (19.0.2+7) (build )
# Java VM: Java HotSpot(TM) 64-Bit Server VM (19.0.2+7-44, mixed mode, sharing, tiered, compressed oops, compressed class ptrs, g1 gc, windows-amd64)
# No core dump will be written. Minidumps are not enabled by default on client versions of Windows
#

---------------  S U M M A R Y ------------

Command Line: -XX:+ShowCodeDetailsInExceptionMessages pengiriman

Host: Intel(R) Core(TM) i5-4310M CPU @ 2.70GHz, 4 cores, 3G,  Windows 10 , 64 bit Build 19041 (10.0.19041.3636)
Time: Sun Dec 10 20:25:05 2023 SE Asia Standard Time elapsed time: 0.017390 seconds (0d 0h 0m 0s)

---------------  T H R E A D  ---------------

Current thread (0x0000023113dfa3c0):  JavaThread "Unknown thread" [_thread_in_vm, id=13892, stack(0x000000a2e6c00000,0x000000a2e6d00000)]

Stack: [0x000000a2e6c00000,0x000000a2e6d00000]
Native frames: (J=compiled Java code, j=interpreted, Vv=VM code, C=native code)
V  [jvm.dll+0x6ee21a]
V  [jvm.dll+0x85765e]
V  [jvm.dll+0x85904e]
V  [jvm.dll+0x859703]
V  [jvm.dll+0x28298f]
V  [jvm.dll+0x6eb009]
V  [jvm.dll+0x6dfbaa]
V  [jvm.dll+0x3573f6]
V  [jvm.dll+0x35ee56]
V  [jvm.dll+0x3b541e]
V  [jvm.dll+0x3b564f]
V  [jvm.dll+0x32c9ea]
V  [jvm.dll+0x32d89e]
V  [jvm.dll+0x821780]
V  [jvm.dll+0x3c2661]
V  [jvm.dll+0x801f51]
V  [jvm.dll+0x44ae8f]
V  [jvm.dll+0x44c811]
C  [jli.dll+0x5287]
C  [ucrtbase.dll+0x21bb2]
C  [KERNEL32.DLL+0x17344]
C  [ntdll.dll+0x526b1]


---------------  P R O C E S S  ---------------

Threads class SMR info:
_java_thread_list=0x00007ffff4dad048, length=0, elements={
}

Java Threads: ( => current thread )

Other Threads:
  0x0000023113e3ae90 WorkerThread "GC Thread#0" [stack: 0x000000a2e6d00000,0x000000a2e6e00000] [id=13040]
  0x0000023113e43d50 ConcurrentGCThread "G1 Main Marker" [stack: 0x000000a2e6e00000,0x000000a2e6f00000] [id=13900]
  0x0000023113e44f20 WorkerThread "G1 Conc#0" [stack: 0x000000a2e6f00000,0x000000a2e7000000] [id=10704]

[error occurred during error reporting (printing all threads), id 0xc0000005, EXCEPTION_ACCESS_VIOLATION (0xc0000005) at pc=0x00007ffff456d427]

VM state: not at safepoint (not fully initialized)

VM Mutex/Monitor currently owned by a thread:  ([mutex/lock_event])
[0x0000023113df5760] Heap_lock - owner thread: 0x0000023113dfa3c0

Heap address: 0x00000000c1200000, size: 1006 MB, Compressed Oops mode: 32-bit

CDS archive(s) mapped at: [0x0000000000000000-0x0000000000000000-0x0000000000000000), size 0, SharedBaseAddress: 0x0000000800000000, ArchiveRelocationMode: 0.
Narrow klass base: 0x0000000000000000, Narrow klass shift: 0, Narrow klass range: 0x0

GC Precious Log:
 CardTable entry size: 512
 Card Set container configuration: InlinePtr #cards 5 size 8 Array Of Cards #cards 12 size 40 Howl #buckets 4 coarsen threshold 1843 Howl Bitmap #cards 512 size 80 coarsen threshold 460 Card regions per heap region 1 cards per card region 2048

Heap:
 garbage-first heap   total 0K, used 0K [0x00000000c1200000, 0x0000000100000000)
  region size 1024K, 0 young (0K), 0 survivors (0K)

[error occurred during error reporting (printing heap information), id 0xc0000005, EXCEPTION_ACCESS_VIOLATION (0xc0000005) at pc=0x00007ffff4976649]

GC Heap History (0 events):
No events

Dll operation events (1 events):
Event: 0.010 Loaded shared library C:\Program Files\Java\jdk-19\bin\java.dll

Deoptimization events (0 events):
No events

Classes loaded (0 events):
No events

Classes unloaded (0 events):
No events

Classes redefined (0 events):
No events

Internal exceptions (0 events):
No events

VM Operations (0 events):
No events

Events (0 events):
No events


Dynamic libraries:
0x00007ff76f2d0000 - 0x00007ff76f2e0000 	C:\Program Files\Java\jdk-19\bin\java.exe
0x00007ff87a870000 - 0x00007ff87aa68000 	C:\Windows\SYSTEM32\ntdll.dll
0x00007ff879a80000 - 0x00007ff879b3d000 	C:\Windows\System32\KERNEL32.DLL
0x00007ff877f50000 - 0x00007ff878246000 	C:\Windows\System32\KERNELBASE.dll
0x00007ff8785d0000 - 0x00007ff8786d0000 	C:\Windows\System32\ucrtbase.dll
0x00007ff86fbb0000 - 0x00007ff86fbcb000 	C:\Program Files\Java\jdk-19\bin\VCRUNTIME140.dll
0x00007ff864590000 - 0x00007ff8645a8000 	C:\Program Files\Java\jdk-19\bin\jli.dll
0x00007ff8799c0000 - 0x00007ff879a6f000 	C:\Windows\System32\ADVAPI32.dll
0x00007ff878ae0000 - 0x00007ff878b7e000 	C:\Windows\System32\msvcrt.dll
0x00007ff878f60000 - 0x00007ff878ffc000 	C:\Windows\System32\sechost.dll
0x00007ff879d00000 - 0x00007ff879e26000 	C:\Windows\System32\RPCRT4.dll
0x00007ff878940000 - 0x00007ff878ade000 	C:\Windows\System32\USER32.dll
0x00007ff8785a0000 - 0x00007ff8785c2000 	C:\Windows\System32\win32u.dll
0x00007ff87a210000 - 0x00007ff87a23c000 	C:\Windows\System32\GDI32.dll
0x00007ff878320000 - 0x00007ff87843a000 	C:\Windows\System32\gdi32full.dll
0x00007ff878250000 - 0x00007ff8782ed000 	C:\Windows\System32\msvcp_win.dll
0x00007ff864d80000 - 0x00007ff86501a000 	C:\Windows\WinSxS\amd64_microsoft.windows.common-controls_6595b64144ccf1df_6.0.19041.3636_none_60b6a03d71f818d5\COMCTL32.dll
0x00007ff867b60000 - 0x00007ff867b6a000 	C:\Windows\SYSTEM32\VERSION.dll
0x00007ff879c30000 - 0x00007ff879c60000 	C:\Windows\System32\IMM32.DLL
0x00007ff873c10000 - 0x00007ff873c1c000 	C:\Program Files\Java\jdk-19\bin\vcruntime140_1.dll
0x00007ff8522d0000 - 0x00007ff85235e000 	C:\Program Files\Java\jdk-19\bin\msvcp140.dll
0x00007ffff4230000 - 0x00007ffff4ef0000 	C:\Program Files\Java\jdk-19\bin\server\jvm.dll
0x00007ff8603b0000 - 0x00007ff8603b9000 	C:\Windows\SYSTEM32\WSOCK32.dll
0x00007ff867290000 - 0x00007ff8672b7000 	C:\Windows\SYSTEM32\WINMM.dll
0x00007ff879bc0000 - 0x00007ff879c2b000 	C:\Windows\System32\ws2_32.DLL
0x00007ff875e10000 - 0x00007ff875e22000 	C:\Windows\SYSTEM32\kernel.appcore.dll
0x00007ff872510000 - 0x00007ff87251a000 	C:\Program Files\Java\jdk-19\bin\jimage.dll
0x00007ff862820000 - 0x00007ff862a04000 	C:\Windows\SYSTEM32\DBGHELP.DLL
0x00007ff8627e0000 - 0x00007ff862814000 	C:\Windows\SYSTEM32\dbgcore.DLL
0x00007ff8786d0000 - 0x00007ff878752000 	C:\Windows\System32\bcryptPrimitives.dll
0x00007ff864560000 - 0x00007ff864586000 	C:\Program Files\Java\jdk-19\bin\java.dll

dbghelp: loaded successfully - version: 4.0.5 - missing functions: none
symbol engine: initialized successfully - sym options: 0x614 - pdb path: .;C:\Program Files\Java\jdk-19\bin;C:\Windows\SYSTEM32;C:\Windows\WinSxS\amd64_microsoft.windows.common-controls_6595b64144ccf1df_6.0.19041.3636_none_60b6a03d71f818d5;C:\Program Files\Java\jdk-19\bin\server

VM Arguments:
jvm_args: -XX:+ShowCodeDetailsInExceptionMessages 
java_command: pengiriman
java_class_path (initial): C:\Users\TOSHIBA\AppData\Roaming\Code\User\workspaceStorage\226132924f9d44e4251567c3936bf417\redhat.java\jdt_ws\Ekspedisi-Program_89e4891e\bin
Launcher Type: SUN_STANDARD

[Global flags]
     intx CICompilerCount                          = 3                                         {product} {ergonomic}
     uint ConcGCThreads                            = 1                                         {product} {ergonomic}
     uint G1ConcRefinementThreads                  = 4                                         {product} {ergonomic}
   size_t G1HeapRegionSize                         = 1048576                                   {product} {ergonomic}
    uintx GCDrainStackTargetSize                   = 64                                        {product} {ergonomic}
   size_t InitialHeapSize                          = 67108864                                  {product} {ergonomic}
   size_t MarkStackSize                            = 4194304                                   {product} {ergonomic}
   size_t MaxHeapSize                              = 1054867456                                {product} {ergonomic}
   size_t MinHeapDeltaBytes                        = 1048576                                   {product} {ergonomic}
   size_t MinHeapSize                              = 8388608                                   {product} {ergonomic}
    uintx NonNMethodCodeHeapSize                   = 5832780                                {pd product} {ergonomic}
    uintx NonProfiledCodeHeapSize                  = 122912730                              {pd product} {ergonomic}
    uintx ProfiledCodeHeapSize                     = 122912730                              {pd product} {ergonomic}
    uintx ReservedCodeCacheSize                    = 251658240                              {pd product} {ergonomic}
     bool SegmentedCodeCache                       = true                                      {product} {ergonomic}
     bool ShowCodeDetailsInExceptionMessages       = true                                   {manageable} {command line}
   size_t SoftMaxHeapSize                          = 1054867456                             {manageable} {ergonomic}
     bool UseCompressedClassPointers               = true                           {product lp64_product} {ergonomic}
     bool UseCompressedOops                        = true                           {product lp64_product} {ergonomic}
     bool UseG1GC                                  = true                                      {product} {ergonomic}
     bool UseLargePagesIndividualAllocation        = false                                  {pd product} {ergonomic}

Logging:
Log output configuration:
 #0: stdout all=warning uptime,level,tags foldmultilines=false
 #1: stderr all=off uptime,level,tags foldmultilines=false

Environment Variables:
JAVA_HOME=C:\Program Files\Java\jdk-19
PATH=C:\Windows\system32;C:\Windows;C:\Windows\System32\Wbem;C:\Windows\System32\WindowsPowerShell\v1.0\;C:\Windows\System32\OpenSSH\;C:\Program Files\Java\jdk-19\bin;C:\Program Files\Java\jdk1.8.0_301\bin;C:\Program Files\Git\cmd;C:\Users\TOSHIBA\AppData\Local\Microsoft\WindowsApps;C:\Users\TOSHIBA\AppData\Local\Programs\Microsoft VS Code\bin;C:\Program Files\Java\jdk1.8.0_301\bin;
USERNAME=TOSHIBA
LANG=en_US.UTF-8
OS=Windows_NT
PROCESSOR_IDENTIFIER=Intel64 Family 6 Model 60 Stepping 3, GenuineIntel
TMP=C:\Users\TOSHIBA\AppData\Local\Temp
TEMP=C:\Users\TOSHIBA\AppData\Local\Temp



---------------  S Y S T E M  ---------------

OS:
 Windows 10 , 64 bit Build 19041 (10.0.19041.3636)
OS uptime: 0 days 4:11 hours

CPU: total 4 (initial active 4) (2 cores per cpu, 2 threads per core) family 6 model 60 stepping 3 microcode 0x27, cx8, cmov, fxsr, ht, mmx, sse, sse2, sse3, ssse3, sse4.1, sse4.2, popcnt, lzcnt, tsc, tscinvbit, avx, avx2, aes, erms, clmul, bmi1, bmi2, fma, vzeroupper, clflush, rdtscp

Memory: 4k page, system-wide physical 4021M (438M free)
TotalPageFile size 10522M (AvailPageFile size 65M)
current process WorkingSet (physical memory assigned to process): 10M, peak: 10M
current process commit charge ("private bytes"): 51M, peak: 115M

vm_info: Java HotSpot(TM) 64-Bit Server VM (19.0.2+7-44) for windows-amd64 JRE (19.0.2+7-44), built on 2022-11-30T18:02:09Z by "mach5one" with MS VC++ 17.1 (VS2022)

END.
